app/build/intermediates/manifest_merge_blame_file/release/manifest-merger-blame-release-report.txt
1<?xml version="1.0" encoding="utf-8"?>
2<manifest xmlns:android="http://schemas.android.com/apk/res/android"
3    package="com.oneul"
4    android:versionCode="1"
5    android:versionName="1.0" >
6
7    <uses-sdk
8        android:minSdkVersion="22"
8-->src\main\AndroidManifest.xml
9        android:targetSdkVersion="29" />
9-->src\main\AndroidManifest.xml
10
11    <uses-permission android:name="android.permission.READ_EXTERNAL_STORAGE" />
11-->src\main\AndroidManifest.xml:5:5-80
11-->src\main\AndroidManifest.xml:5:22-77
12    <uses-permission android:name="android.permission.WRITE_EXTERNAL_STORAGE" />
12-->src\main\AndroidManifest.xml:6:5-81
12-->src\main\AndroidManifest.xml:6:22-78
13    <uses-permission android:name="android.permission.FOREGROUND_SERVICE" />
13-->src\main\AndroidManifest.xml:7:5-77
13-->src\main\AndroidManifest.xml:7:22-74
14    <uses-permission android:name="android.permission.CAMERA" />
14-->src\main\AndroidManifest.xml:8:5-65
14-->src\main\AndroidManifest.xml:8:22-62
15
16    <uses-feature
16-->src\main\AndroidManifest.xml:10:5-12:35
17        android:name="android.hardware.camera2"
17-->src\main\AndroidManifest.xml:11:9-48
18        android:required="true" />
18-->src\main\AndroidManifest.xml:12:9-32
19
20    <application
20-->src\main\AndroidManifest.xml:14:5-46:19
21        android:allowBackup="false"
21-->src\main\AndroidManifest.xml:15:9-36
22        android:appComponentFactory="androidx.core.app.CoreComponentFactory"
22-->[androidx.core:core:1.3.1] AndroidManifest.xml:24:18-86
23        android:icon="@mipmap/ic_launcher"
23-->src\main\AndroidManifest.xml:16:9-43
24        android:label="@string/app_name"
24-->src\main\AndroidManifest.xml:17:9-41
25        android:requestLegacyExternalStorage="true"
25-->src\main\AndroidManifest.xml:18:9-52
26        android:roundIcon="@mipmap/ic_launcher_round"
26-->src\main\AndroidManifest.xml:19:9-54
27        android:screenOrientation="nosensor"
27-->src\main\AndroidManifest.xml:20:9-45
28        android:supportsRtl="true"
28-->src\main\AndroidManifest.xml:21:9-35
29        android:theme="@style/AppTheme" >
29-->src\main\AndroidManifest.xml:22:9-40
30        <provider
30-->src\main\AndroidManifest.xml:24:9-33:20
31            android:name="androidx.core.content.FileProvider"
31-->src\main\AndroidManifest.xml:25:13-62
32            android:authorities="com.oneul.fileprovider"
32-->src\main\AndroidManifest.xml:26:13-57
33            android:exported="false"
33-->src\main\AndroidManifest.xml:27:13-37
34            android:grantUriPermissions="true" >
34-->src\main\AndroidManifest.xml:28:13-47
35            <meta-data
35-->src\main\AndroidManifest.xml:30:13-32:54
36                android:name="android.support.FILE_PROVIDER_PATHS"
36-->src\main\AndroidManifest.xml:31:17-67
37                android:resource="@xml/file_paths" />
37-->src\main\AndroidManifest.xml:32:17-51
38        </provider>
39
40        <activity android:name="com.oneul.WriteActivity" />
40-->src\main\AndroidManifest.xml:35:9-51
40-->src\main\AndroidManifest.xml:35:19-48
41        <activity
41-->src\main\AndroidManifest.xml:37:9-45:20
42            android:name="com.oneul.MainActivity"
42-->src\main\AndroidManifest.xml:38:13-41
43            android:windowSoftInputMode="adjustPan" >
43-->src\main\AndroidManifest.xml:39:13-52
44            <intent-filter>
44-->src\main\AndroidManifest.xml:41:13-44:29
45                <action android:name="android.intent.action.MAIN" />
45-->src\main\AndroidManifest.xml:42:17-69
45-->src\main\AndroidManifest.xml:42:25-66
46
47                <category android:name="android.intent.category.LAUNCHER" />
47-->src\main\AndroidManifest.xml:43:17-77
47-->src\main\AndroidManifest.xml:43:27-74
48            </intent-filter>
49        </activity>
50
51        <provider
51-->[com.github.prolificinteractive:material-calendarview:2.0.1] AndroidManifest.xml:12:9-16:40
52            android:name="com.prolificinteractive.materialcalendarview.MaterialCalendarViewInitProvider"
52-->[com.github.prolificinteractive:material-calendarview:2.0.1] AndroidManifest.xml:13:13-105
53            android:authorities="com.oneul.materialcalendarviewinitprovider"
53-->[com.github.prolificinteractive:material-calendarview:2.0.1] AndroidManifest.xml:14:13-84
54            android:enabled="true"
54-->[com.github.prolificinteractive:material-calendarview:2.0.1] AndroidManifest.xml:15:13-35
55            android:exported="false" />
55-->[com.github.prolificinteractive:material-calendarview:2.0.1] AndroidManifest.xml:16:13-37
56    </application>
57
58</manifest>